[2016-02-18 14:35:11] request.INFO: Matched route "newscoop_zendbridge_bridge_index_2" (parameters: "_controller": "Newscoop\ZendBridgeBundle\Controller\BridgeController::indexAction", "_route": "newscoop_zendbridge_bridge_index_2") [] []
[2016-02-18 14:35:11] security.DEBUG: Read SecurityContext from the session [] []
[2016-02-18 14:35:11] security.DEBUG: Reloading user from user provider. [] []
[2016-02-18 14:35:12] security.DEBUG: Username "admin" was reloaded from user provider. [] []
[2016-02-18 14:35:12] sentry.CRITICAL: Uncaught exception {"exception":"[object] (SmartyCompilerException(code: 0): Syntax error in template \"/var/www/newscoop/themes/publication_1/theme_1/_tpl/sidebar_poll.tpl\"  on line 4 \"{{ list_debates length=\"1\" item=\"article\" }}\" unknown tag \"list_debates\" at /var/www/newscoop/vendor/smarty/smarty/libs/sysplugins/smarty_internal_templatecompilerbase.php:4)"} []
[2016-02-18 14:35:13] security.DEBUG: Write SecurityContext in the session [] []
[2016-02-18 14:35:48] request.INFO: Matched route "newscoop_zendbridge_bridge_index_2" (parameters: "_controller": "Newscoop\ZendBridgeBundle\Controller\BridgeController::indexAction", "_route": "newscoop_zendbridge_bridge_index_2") [] []
[2016-02-18 14:35:48] security.DEBUG: Read SecurityContext from the session [] []
[2016-02-18 14:35:48] security.DEBUG: Reloading user from user provider. [] []
[2016-02-18 14:35:48] security.DEBUG: Username "admin" was reloaded from user provider. [] []
[2016-02-18 14:35:48] sentry.CRITICAL: Uncaught exception {"exception":"[object] (SmartyCompilerException(code: 0): Syntax error in template \"/var/www/newscoop/themes/publication_1/theme_1/_tpl/sidebar_poll.tpl\"  on line 4 \"{{ list_debates length=\"1\" item=\"article\" }}\" unknown tag \"list_debates\" at /var/www/newscoop/vendor/smarty/smarty/libs/sysplugins/smarty_internal_templatecompilerbase.php:4)"} []
[2016-02-18 14:35:49] security.DEBUG: Write SecurityContext in the session [] []
[2016-02-18 15:03:10] request.INFO: Matched route "newscoop_zendbridge_bridge_index_2" (parameters: "_controller": "Newscoop\ZendBridgeBundle\Controller\BridgeController::indexAction", "_route": "newscoop_zendbridge_bridge_index_2") [] []
[2016-02-18 15:03:10] security.DEBUG: Remember-me cookie detected. [] []
[2016-02-18 15:03:10] security.INFO: User for remember-me cookie not found. [] []
[2016-02-18 15:03:10] security.DEBUG: Clearing remember-me cookie "REMEMBERME" [] []
[2016-02-18 15:03:10] security.INFO: Populated SecurityContext with an anonymous Token [] []
[2016-02-18 15:03:10] sentry.CRITICAL: Uncaught exception {"exception":"[object] (SmartyCompilerException(code: 0): Syntax error in template \"/var/www/newscoop/themes/publication_1/theme_1/_tpl/sidebar_poll.tpl\"  on line 4 \"{{ list_debates length=\"1\" item=\"article\" }}\" unknown tag \"list_debates\" at /var/www/newscoop/vendor/smarty/smarty/libs/sysplugins/smarty_internal_templatecompilerbase.php:4)"} []
[2016-02-18 15:03:10] security.DEBUG: Write SecurityContext in the session [] []
[2016-02-19 12:55:22] request.INFO: Matched route "newscoop_zendbridge_bridge_index_2" (parameters: "_controller": "Newscoop\ZendBridgeBundle\Controller\BridgeController::indexAction", "_route": "newscoop_zendbridge_bridge_index_2") [] []
[2016-02-19 12:55:22] security.INFO: Populated SecurityContext with an anonymous Token [] []
[2016-02-19 12:55:22] sentry.CRITICAL: Uncaught exception {"exception":"[object] (SmartyCompilerException(code: 0): Syntax error in template \"/var/www/newscoop/themes/publication_1/theme_1/_tpl/header.tpl\"  on line 14 \"<li><a href=\"{{ $view->url(['controller' => 'user', 'action' => 'index'], 'default') }}\" title=\" index\">{{ ## }}</a></li>\"  - Unexpected \" }}\", expected one of: \"$\" , \"identifier\" , \"#\" at /var/www/newscoop/vendor/smarty/smarty/libs/sysplugins/smarty_internal_templatecompilerbase.php:14)"} []
[2016-02-19 12:55:22] security.DEBUG: Write SecurityContext in the session [] []
[2016-02-19 12:55:26] request.INFO: Matched route "newscoop_zendbridge_bridge_index_3" (parameters: "_controller": "Newscoop\ZendBridgeBundle\Controller\BridgeController::indexAction", "rest": "en/first/1/", "_route": "newscoop_zendbridge_bridge_index_3") [] []
[2016-02-19 12:55:26] security.INFO: Populated SecurityContext with an anonymous Token [] []
[2016-02-19 12:55:27] sentry.CRITICAL: Uncaught exception {"exception":"[object] (SmartyCompilerException(code: 0): Syntax error in template \"/var/www/newscoop/themes/publication_1/theme_1/_tpl/header.tpl\"  on line 14 \"<li><a href=\"{{ $view->url(['controller' => 'user', 'action' => 'index'], 'default') }}\" title=\" index\">{{ ## }}</a></li>\"  - Unexpected \" }}\", expected one of: \"$\" , \"identifier\" , \"#\" at /var/www/newscoop/vendor/smarty/smarty/libs/sysplugins/smarty_internal_templatecompilerbase.php:14)"} []
[2016-02-19 12:55:27] security.DEBUG: Write SecurityContext in the session [] []
[2016-02-19 12:55:32] request.INFO: Matched route "newscoop_zendbridge_bridge_index_2" (parameters: "_controller": "Newscoop\ZendBridgeBundle\Controller\BridgeController::indexAction", "_route": "newscoop_zendbridge_bridge_index_2") [] []
[2016-02-19 12:55:32] security.INFO: Populated SecurityContext with an anonymous Token [] []
[2016-02-19 12:55:32] sentry.CRITICAL: Uncaught exception {"exception":"[object] (SmartyCompilerException(code: 0): Syntax error in template \"/var/www/newscoop/themes/publication_1/theme_1/_tpl/header.tpl\"  on line 14 \"<li><a href=\"{{ $view->url(['controller' => 'user', 'action' => 'index'], 'default') }}\" title=\" index\">{{ ## }}</a></li>\"  - Unexpected \" }}\", expected one of: \"$\" , \"identifier\" , \"#\" at /var/www/newscoop/vendor/smarty/smarty/libs/sysplugins/smarty_internal_templatecompilerbase.php:14)"} []
[2016-02-19 12:55:33] security.DEBUG: Write SecurityContext in the session [] []
[2016-02-19 12:55:36] request.INFO: Matched route "newscoop_zendbridge_bridge_index_2" (parameters: "_controller": "Newscoop\ZendBridgeBundle\Controller\BridgeController::indexAction", "_route": "newscoop_zendbridge_bridge_index_2") [] []
[2016-02-19 12:55:36] security.INFO: Populated SecurityContext with an anonymous Token [] []
[2016-02-19 12:55:36] sentry.CRITICAL: Uncaught exception {"exception":"[object] (SmartyCompilerException(code: 0): Syntax error in template \"/var/www/newscoop/themes/publication_1/theme_1/_tpl/header.tpl\"  on line 14 \"<li><a href=\"{{ $view->url(['controller' => 'user', 'action' => 'index'], 'default') }}\" title=\" index\">{{ ## }}</a></li>\"  - Unexpected \" }}\", expected one of: \"$\" , \"identifier\" , \"#\" at /var/www/newscoop/vendor/smarty/smarty/libs/sysplugins/smarty_internal_templatecompilerbase.php:14)"} []
[2016-02-19 12:55:37] security.DEBUG: Write SecurityContext in the session [] []
[2016-02-19 15:49:38] request.INFO: Matched route "newscoop_zendbridge_bridge_index_3" (parameters: "_controller": "Newscoop\ZendBridgeBundle\Controller\BridgeController::indexAction", "rest": "en/first/2/", "_route": "newscoop_zendbridge_bridge_index_3") [] []
[2016-02-19 15:49:38] security.DEBUG: Read SecurityContext from the session [] []
[2016-02-19 15:49:38] security.DEBUG: Reloading user from user provider. [] []
[2016-02-19 15:49:38] security.DEBUG: Username "admin" was reloaded from user provider. [] []
[2016-02-19 15:49:39] sentry.CRITICAL: Uncaught exception {"exception":"[object] (SmartyCompilerException(code: 0): Syntax error in template \"/var/www/newscoop/themes/publication_1/theme_1/_tpl/section-cont.tpl\"  on line 78 \"\" unclosed {{list_articles}} tag at /var/www/newscoop/vendor/smarty/smarty/libs/sysplugins/smarty_internal_templatecompilerbase.php:78)"} []
[2016-02-19 15:49:39] security.DEBUG: Write SecurityContext in the session [] []
[2016-02-19 16:06:17] request.INFO: Matched route "newscoop_gimme_articles_searcharticles" (parameters: "_format": "json", "_controller": "Newscoop\GimmeBundle\Controller\ArticlesController::searchArticlesAction", "_route": "newscoop_gimme_articles_searcharticles") [] []
[2016-02-19 16:06:17] security.INFO: Populated SecurityContext with an anonymous Token [] []
[2016-02-19 16:06:17] request.CRITICAL: Uncaught PHP Exception OAuth2\OAuth2AuthenticateException: "OAuth2 authentication required" at /var/www/newscoop/src/Newscoop/GimmeBundle/EventListener/PublicResourcesListener.php line 59 {"exception":"[object] (OAuth2\\OAuth2AuthenticateException(code: 0): OAuth2 authentication required at /var/www/newscoop/src/Newscoop/GimmeBundle/EventListener/PublicResourcesListener.php:59)"} []
[2016-02-19 16:06:55] request.INFO: Matched route "newscoop_gimme_articleslist_createplaylist" (parameters: "_format": "json", "_controller": "Newscoop\GimmeBundle\Controller\ArticlesListController::createPlaylistAction", "_route": "newscoop_gimme_articleslist_createplaylist") [] []
[2016-02-19 16:06:55] request.CRITICAL: Uncaught PHP Exception Newscoop\Exception\ResourcesConflictException: "Playlist with that name already exists" at /var/www/newscoop/src/Newscoop/GimmeBundle/Controller/ArticlesListController.php line 441 {"exception":"[object] (Newscoop\\Exception\\ResourcesConflictException(code: 409): Playlist with that name already exists at /var/www/newscoop/src/Newscoop/GimmeBundle/Controller/ArticlesListController.php:441)"} []
[2016-02-19 16:07:02] request.INFO: Matched route "newscoop_gimme_articleslist_createplaylist" (parameters: "_format": "json", "_controller": "Newscoop\GimmeBundle\Controller\ArticlesListController::createPlaylistAction", "_route": "newscoop_gimme_articleslist_createplaylist") [] []
[2016-02-19 16:07:02] request.CRITICAL: Uncaught PHP Exception Newscoop\Exception\ResourcesConflictException: "Playlist with that name already exists" at /var/www/newscoop/src/Newscoop/GimmeBundle/Controller/ArticlesListController.php line 441 {"exception":"[object] (Newscoop\\Exception\\ResourcesConflictException(code: 409): Playlist with that name already exists at /var/www/newscoop/src/Newscoop/GimmeBundle/Controller/ArticlesListController.php:441)"} []
[2016-02-19 16:07:07] request.INFO: Matched route "newscoop_gimme_articleslist_createplaylist" (parameters: "_format": "json", "_controller": "Newscoop\GimmeBundle\Controller\ArticlesListController::createPlaylistAction", "_route": "newscoop_gimme_articleslist_createplaylist") [] []
[2016-02-19 16:07:07] request.CRITICAL: Uncaught PHP Exception Newscoop\Exception\ResourcesConflictException: "Playlist with that name already exists" at /var/www/newscoop/src/Newscoop/GimmeBundle/Controller/ArticlesListController.php line 441 {"exception":"[object] (Newscoop\\Exception\\ResourcesConflictException(code: 409): Playlist with that name already exists at /var/www/newscoop/src/Newscoop/GimmeBundle/Controller/ArticlesListController.php:441)"} []
